ist 100 100 21.059515 False 100 100 21.059515 False 100 100 21.059515 False 100 100 21.059515 False 100 100 21.060517 False True
es 101 100 27.660939 False 101 100 27.661896 False 101 100 27.661896 False 101 100 27.661896 False 101 100 27.661896 False True
nicht 102 100 30.949262 False 102 100 30.950214 False 102 100 30.950214 False 102 100 30.950214 False 102 100 30.950214 False True
und 103 100 34.199452 False 103 100 34.200397 False 103 100 34.200397 False 103 100 34.200397 False 103 100 34.200397 False True
sie 104 100 37.753968 False 104 100 37.753968 False 104 100 37.754967 False 104 100 37.754967 False 104 100 37.754967 False True
der 105 100 40.070744 False 105 100 40.070744 False 105 100 40.070744 False 105 100 40.071751 False 105 100 40.071751 False True
ist 6 0 20.987251 True 106 100 42.059023 False 106 100 42.059023 False 106 100 42.059023 False 106 100 42.060214 False True
ich 107 100 44.034559 False 107 100 44.034559 False 107 100 44.035558 False 107 100 44.035558 False 107 100 44.035558 False True
ich 1 5 1.632057 True 108 100 45.678893 False 108 100 45.678893 False 108 100 45.678893 False 108 100 45.678893 False True
das 109 100 49.425014 False 109 100 49.425014 False 109 100 49.42609 False 109 100 49.42609 False 109 100 49.42609 False True
ich 2 5 5.743067 True 3 4 7.388078 True 110 100 51.433906 False 110 100 51.433906 False 110 100 51.434929 False True
sie 7 2 16.151336 True 111 100 53.918737 False 111 100 53.918737 False 111 100 53.918737 False 111 100 53.918737 False True
ist 6 2 15.049757 True 12 0 36.049172 True 112 100 57.120944 False 112 100 57.120944 False 112 100 57.120944 False True
die 113 100 61.623651 False 113 100 61.623651 False 113 100 61.623651 False 113 100 61.624722 False 113 100 61.624722 False True
sie 100 100 29.0 False 100 100 29.0 False 100 100 29.0 False 100 100 29.0 False 100 100 29.0 False True
nicht 101 100 31.0 False 101 100 31.0 False 101 100 31.0 False 101 100 31.0 False 101 100 31.0 False True
nicht 1 0 2.0 True 102 100 34.0 False 102 100 34.0 False 102 100 34.0 False 102 100 34.0 False True
der 103 100 36.0 False 103 100 36.0 False 103 100 36.0 False 103 100 36.0 False 103 100 36.0 False True
ist 104 100 38.0 False 104 100 38.0 False 104 100 38.0 False 104 100 38.0 False 104 100 38.0 False True
es 105 100 41.0 False 105 100 41.0 False 105 100 41.0 False 105 100 41.0 False 105 100 41.0 False True
die 106 100 44.0 False 106 100 44.0 False 106 100 44.0 False 106 100 44.0 False 106 100 44.0 False True
der 4 1 90.0 True 107 100 127.0 False 107 100 127.0 False 107 100 127.0 False 107 100 127.0 False True
sie 8 0 101.0 True 108 100 130.0 False 108 100 130.0 False 108 100 130.0 False 108 100 130.0 False True
ist 5 2 93.0 True 109 100 131.0 False 109 100 131.0 False 109 100 131.0 False 109 100 131.0 False True
die 4 4 1173.0 True 110 100 1217.0 False 110 100 1217.0 False 110 100 1217.0 False 110 100 1217.0 False False
und 110 100 1286.0 False 110 100 1286.0 False 110 100 1286.0 False 110 100 1286.0 False 110 100 1286.0 False True
das 111 100 1317.0 False 111 100 1317.0 False 111 100 1317.0 False 111 100 1317.0 False 111 100 1317.0 False True
nicht 10 0 1286.0 True 11 0 1288.0 True 112 100 1320.0 False 112 100 1320.0 False 112 100 1320.0 False True
nicht 1 8 2.0 True 11 0 1288.0 True 12 0 1290.0 True 113 100 1322.0 False 113 100 1322.0 False True
ist 5 7 2039.0 True 10 2 2132.0 True 114 100 2170.0 False 114 100 2170.0 False 114 100 2170.0 False True
die 9 3 2127.0 True 115 100 2172.0 False 115 100 2172.0 False 115 100 2172.0 False 115 100 2172.0 False True
sie 8 4 2044.0 True 16 0 2145.0 True 116 100 2174.0 False 116 100 2174.0 False 116 100 2174.0 False True
ich 117 100 2176.0 False 117 100 2176.0 False 117 100 2176.0 False 117 100 2176.0 False 117 100 2176.0 False True
ich 1 8 2.0 True 118 100 2178.0 False 118 100 2178.0 False 118 100 2178.0 False 118 100 2178.0 False True
sie 3 9 6.0 True 11 5 2051.0 True 19 0 2152.0 True 119 100 2180.0 False 119 100 2180.0 False True
das 9 7 866.0 True 120 100 2183.0 False 120 100 2183.0 False 120 100 2183.0 False 120 100 2183.0 False True
nicht 8 7 865.0 True 9 7 867.0 True 19 0 2152.0 True 20 0 2155.0 True 121 100 2186.0 False True
sie 3 9 9.0 True 6 8 15.0 True 14 4 2059.0 True 22 0 2160.0 True 122 100 2189.0 False True
und 13 6 907.0 True 123 100 2193.0 False 123 100 2193.0 False 123 100 2193.0 False 123 100 2193.0 False True
die 9 7 23.0 True 18 3 2150.0 True 124 100 2195.0 False 124 100 2195.0 False 124 100 2195.0 False True
